[0.060s] Invoking command in '/home/student/ros2_ws/build/part5_actions': CMAKE_PREFIX_PATH=${CMAKE_PREFIX_PATH}:/opt/ros/humble /usr/bin/cmake --build /home/student/ros2_ws/build/part5_actions -- -j16 -l16
[0.219s] [  3%] Built target part5_actions__cpp
[0.302s] [  3%] Built target ament_cmake_python_symlink_part5_actions_modules
[0.357s] [ 12%] Built target part5_actions__rosidl_typesupport_introspection_cpp
[0.953s] running egg_info
[0.984s] writing part5_actions_modules.egg-info/PKG-INFO
[0.986s] writing dependency_links to part5_actions_modules.egg-info/dependency_links.txt
[0.987s] writing top-level names to part5_actions_modules.egg-info/top_level.txt
[1.109s] reading manifest file 'part5_actions_modules.egg-info/SOURCES.txt'
[1.112s] Traceback (most recent call last):
[1.113s]   File "/home/student/ros2_ws/build/part5_actions/ament_cmake_python/part5_actions_modules/setup.py", line 4, in <module>
[1.113s]     setup(
[1.113s]   File "/home/student/.local/lib/python3.10/site-packages/setuptools/__init__.py", line 117, in setup
[1.113s]     return distutils.core.setup(**attrs)
[1.113s]   File "/home/student/.local/lib/python3.10/site-packages/setuptools/_distutils/core.py", line 186, in setup
[1.114s]     return run_commands(dist)
[1.114s]   File "/home/student/.local/lib/python3.10/site-packages/setuptools/_distutils/core.py", line 202, in run_commands
[1.114s]     dist.run_commands()
[1.114s]   File "/home/student/.local/lib/python3.10/site-packages/setuptools/_distutils/dist.py", line 1002, in run_commands
[1.115s]     self.run_command(cmd)
[1.115s]   File "/home/student/.local/lib/python3.10/site-packages/setuptools/dist.py", line 999, in run_command
[1.115s]     super().run_command(command)
[1.115s]   File "/home/student/.local/lib/python3.10/site-packages/setuptools/_distutils/dist.py", line 1021, in run_command
[1.115s]     cmd_obj.run()
[1.115s]   File "/home/student/.local/lib/python3.10/site-packages/setuptools/command/egg_info.py", line 312, in run
[1.116s]     self.find_sources()
[1.116s]   File "/home/student/.local/lib/python3.10/site-packages/setuptools/command/egg_info.py", line 320, in find_sources
[1.116s]     mm.run()
[1.116s]   File "/home/student/.local/lib/python3.10/site-packages/setuptools/command/egg_info.py", line 548, in run
[1.116s]     self.prune_file_list()
[1.117s]   File "/home/student/.local/lib/python3.10/site-packages/setuptools/command/sdist.py", line 162, in prune_file_list
[1.117s]     super().prune_file_list()
[1.117s]   File "/home/student/.local/lib/python3.10/site-packages/setuptools/_distutils/command/sdist.py", line 386, in prune_file_list
[1.117s]     base_dir = self.distribution.get_fullname()
[1.117s]   File "/home/student/.local/lib/python3.10/site-packages/setuptools/_core_metadata.py", line 272, in get_fullname
[1.117s]     return _distribution_fullname(self.get_name(), self.get_version())
[1.118s]   File "/home/student/.local/lib/python3.10/site-packages/setuptools/_core_metadata.py", line 290, in _distribution_fullname
[1.118s]     canonicalize_version(version, strip_trailing_zero=False),
[1.118s] TypeError: canonicalize_version() got an unexpected keyword argument 'strip_trailing_zero'
[1.205s] gmake[2]: *** [CMakeFiles/ament_cmake_python_build_part5_actions_modules_egg.dir/build.make:70: CMakeFiles/ament_cmake_python_build_part5_actions_modules_egg] Error 1
[1.205s] gmake[1]: *** [CMakeFiles/Makefile2:647: CMakeFiles/ament_cmake_python_build_part5_actions_modules_egg.dir/all] Error 2
[1.206s] gmake: *** [Makefile:146: all] Error 2
[1.210s] Invoked command in '/home/student/ros2_ws/build/part5_actions' returned '2': CMAKE_PREFIX_PATH=${CMAKE_PREFIX_PATH}:/opt/ros/humble /usr/bin/cmake --build /home/student/ros2_ws/build/part5_actions -- -j16 -l16
